<?xml version="1.0" encoding="UTF-8"?>
<!-- Generated by org.testng.reporters.JUnitXMLReporter -->
<testsuite ignored="0" hostname="Sewar" failures="0" tests="11" name="Default test" time="22.038" errors="0" timestamp="2025-05-06T21:33:39 EET">
  <testcase classname="almusafer.almusafer" name="countryslection" time="2.351"/>
  <testcase classname="almusafer.almusafer" name="checkthedefualtlanguage" time="0.05"/>
  <testcase classname="almusafer.almusafer" name="checkcontactnumber" time="0.106"/>
  <testcase classname="almusafer.almusafer" name="checkthecurrency" time="0.044"/>
  <testcase classname="almusafer.almusafer" name="QitafLogo" time="0.076"/>
  <testcase classname="almusafer.almusafer" name="thedefaultisflights" time="1.596"/>
  <testcase classname="almusafer.almusafer" name="departuredate" time="0.491"/>
  <testcase classname="almusafer.almusafer" name="returndate" time="0.2"/>
  <testcase classname="almusafer.almusafer" name="testLanguageByUrl" time="5.449"/>
  <testcase classname="almusafer.almusafer" name="gotostaysbottun" time="3.252"/>
  <testcase classname="almusafer.almusafer" name="selectadultsnumber" time="5.541"/>
</testsuite> <!-- Default test -->
